[ 2017-08-22T19:45:20+08:00 ] 127.0.0.1 127.0.0.1 GET /
[ log ] o2o.com/ [运行时间：0.699000s][吞吐率：1.43req/s] [内存消耗：2,309.32kb] [文件加载：65]
[ info ] [ LANG ] F:\Aaron\GitHub\tp5_o2o\thinkphp\lang\zh-cn.php
[ info ] [ ROUTE ] array (
  'type' => 'module',
  'module' => 
  array (
    0 => '',
    1 => NULL,
    2 => NULL,
  ),
)
[ info ] [ HEADER ] array (
  'accept-language' => 'zh-CN,zh;q=0.8',
  'accept-encoding' => 'gzip, deflate',
  'accept' => 'text/html,application/xhtml+xml,application/xml;q=0.9,image/webp,image/apng,*/*;q=0.8',
  'user-agent' => 'Mozilla/5.0 (Windows NT 6.1; Win64; x64) AppleWebKit/537.36 (KHTML, like Gecko) Chrome/60.0.3112.78 Safari/537.36',
  'upgrade-insecure-requests' => '1',
  'connection' => 'close',
  'host' => 'o2o.com',
)
[ info ] [ PARAM ] array (
)
[ info ] [ DB ] INIT mysql
[ info ] [ SESSION ] INIT array (
  'id' => '',
  'var_session_id' => '',
  'prefix' => 'think',
  'type' => '',
  'auto_start' => true,
)
[ info ] [ RUN ] app\index\controller\Index->index[ F:\Aaron\GitHub\tp5_o2o\application\index\controller\Index.php ]
[ info ] [ VIEW ] F:\Aaron\GitHub\tp5_o2o\public/../application/index\view\index\index.html [ array (
  0 => 'citys',
  1 => 'cityname',
  2 => 'useraccount',
  3 => 'cats',
  4 => 'controller',
  5 => 'title',
  6 => 'params',
  7 => 'featuredArr',
  8 => 'dealDatas',
  9 => 'meishicats',
) ]
[ info ] [ LOG ] INIT File
[ sql ] [ DB ] CONNECT:[ UseTime:0.023000s ] mysql:dbname=imooc_o2o;host=127.0.0.1;charset=utf8
[ sql ] [ SQL ] SHOW COLUMNS FROM `o2o_city` [ RunTime:0.033000s ]
[ sql ] [ SQL ] SELECT * FROM `o2o_city` WHERE  `status` = 1  AND `parent_id` > 0 ORDER BY `id`  desc [ RunTime:0.001000s ]
[ sql ] [ SQL ] SELECT * FROM `o2o_city` WHERE  `uname` = 'beijing' LIMIT 1 [ RunTime:0.000000s ]
[ sql ] [ SQL ] SHOW COLUMNS FROM `o2o_category` [ RunTime:0.049000s ]
[ sql ] [ SQL ] SELECT * FROM `o2o_category` WHERE  `parent_id` = 0  AND `status` = 1 ORDER BY `listorder`  desc,`id`  desc LIMIT 5 [ RunTime:0.001000s ]
[ sql ] [ SQL ] SELECT * FROM `o2o_category` WHERE  `parent_id` IN (33,11,5,4,3)  AND `status` = 1 ORDER BY `listorder`  desc,`id`  desc [ RunTime:0.000000s ]
[ sql ] [ SQL ] SHOW COLUMNS FROM `o2o_featured` [ RunTime:0.023000s ]
[ sql ] [ SQL ] SELECT * FROM `o2o_featured` WHERE  `status` = 1 ORDER BY `id`  desc [ RunTime:0.000000s ]
[ sql ] [ SQL ] SHOW COLUMNS FROM `o2o_deal` [ RunTime:0.048000s ]
[ sql ] [ SQL ] SELECT * FROM `o2o_deal` WHERE  `end_time` > 1503402320  AND `category_id` = 33  AND `se_city_id` = 2  AND `status` = 1 ORDER BY `listorder`  desc,`id`  desc LIMIT 10 [ RunTime:0.000000s ]
[ sql ] [ SQL ] SELECT * FROM `o2o_category` WHERE  `status` = 1  AND `parent_id` = 33 ORDER BY `id`  desc [ RunTime:0.001000s ]

---------------------------------------------------------------
[ 2017-08-22T19:45:22+08:00 ] 127.0.0.1 127.0.0.1 GET /index/lists/index.html?id=33
[ log ] o2o.com/index/lists/index.html?id=33 [运行时间：0.248000s][吞吐率：4.03req/s] [内存消耗：2,407.19kb] [文件加载：67]
[ info ] [ LANG ] F:\Aaron\GitHub\tp5_o2o\thinkphp\lang\zh-cn.php
[ info ] [ ROUTE ] array (
  'type' => 'module',
  'module' => 
  array (
    0 => 'index',
    1 => 'lists',
    2 => 'index',
  ),
)
[ info ] [ HEADER ] array (
  'cookie' => 'PHPSESSID=ge44mbnnmafqqi3s3uhvdu0i92',
  'accept-language' => 'zh-CN,zh;q=0.8',
  'accept-encoding' => 'gzip, deflate',
  'referer' => 'http://o2o.com/',
  'accept' => 'text/html,application/xhtml+xml,application/xml;q=0.9,image/webp,image/apng,*/*;q=0.8',
  'user-agent' => 'Mozilla/5.0 (Windows NT 6.1; Win64; x64) AppleWebKit/537.36 (KHTML, like Gecko) Chrome/60.0.3112.78 Safari/537.36',
  'upgrade-insecure-requests' => '1',
  'connection' => 'close',
  'host' => 'o2o.com',
)
[ info ] [ PARAM ] array (
  'id' => '33',
)
[ info ] [ DB ] INIT mysql
[ info ] [ SESSION ] INIT array (
  'id' => '',
  'var_session_id' => '',
  'prefix' => 'think',
  'type' => '',
  'auto_start' => true,
)
[ info ] [ RUN ] app\index\controller\Lists->index[ F:\Aaron\GitHub\tp5_o2o\application\index\controller\Lists.php ]
[ info ] [ VIEW ] F:\Aaron\GitHub\tp5_o2o\public/../application/index\view\lists\index.html [ array (
  0 => 'citys',
  1 => 'cityname',
  2 => 'useraccount',
  3 => 'cats',
  4 => 'controller',
  5 => 'title',
  6 => 'params',
  7 => 'fircats',
  8 => 'categoryParentId',
  9 => 'id',
  10 => 'secategoryData',
  11 => 'orderflag',
  12 => 'deals',
  13 => 'dealArr',
) ]
[ info ] [ LOG ] INIT File
[ sql ] [ DB ] CONNECT:[ UseTime:0.012000s ] mysql:dbname=imooc_o2o;host=127.0.0.1;charset=utf8
[ sql ] [ SQL ] SHOW COLUMNS FROM `o2o_city` [ RunTime:0.007000s ]
[ sql ] [ SQL ] SELECT * FROM `o2o_city` WHERE  `status` = 1  AND `parent_id` > 0 ORDER BY `id`  desc [ RunTime:0.000000s ]
[ sql ] [ SQL ] SELECT * FROM `o2o_city` WHERE  `uname` = 'beijing' LIMIT 1 [ RunTime:0.000000s ]
[ sql ] [ SQL ] SHOW COLUMNS FROM `o2o_category` [ RunTime:0.006000s ]
[ sql ] [ SQL ] SELECT * FROM `o2o_category` WHERE  `parent_id` = 0  AND `status` = 1 ORDER BY `listorder`  desc,`id`  desc LIMIT 5 [ RunTime:0.000000s ]
[ sql ] [ SQL ] SELECT * FROM `o2o_category` WHERE  `parent_id` IN (33,11,5,4,3)  AND `status` = 1 ORDER BY `listorder`  desc,`id`  desc [ RunTime:0.000000s ]
[ sql ] [ SQL ] SELECT * FROM `o2o_category` WHERE  `status` = 1  AND `parent_id` = 0 ORDER BY `id`  desc [ RunTime:0.000000s ]
[ sql ] [ SQL ] SELECT * FROM `o2o_category` WHERE  `status` = 1  AND `parent_id` = 33 ORDER BY `id`  desc [ RunTime:0.000000s ]
[ sql ] [ SQL ] SHOW COLUMNS FROM `o2o_deal` [ RunTime:0.007000s ]
[ sql ] [ SQL ] SELECT COUNT(*) AS tp_count FROM `o2o_deal` WHERE  `category_id` = 33 LIMIT 1 [ RunTime:0.000000s ]
[ sql ] [ SQL ] SELECT * FROM `o2o_deal` WHERE  `category_id` = 33 ORDER BY `id`  desc LIMIT 0,10 [ RunTime:0.001000s ]

---------------------------------------------------------------
[ 2017-08-22T19:45:28+08:00 ] 127.0.0.1 127.0.0.1 GET /index/user/login.html
[ log ] o2o.com/index/user/login.html [运行时间：0.152000s][吞吐率：6.58req/s] [内存消耗：1,396.44kb] [文件加载：51]
[ info ] [ LANG ] F:\Aaron\GitHub\tp5_o2o\thinkphp\lang\zh-cn.php
[ info ] [ ROUTE ] array (
  'type' => 'module',
  'module' => 
  array (
    0 => 'index',
    1 => 'user',
    2 => 'login',
  ),
)
[ info ] [ HEADER ] array (
  'cookie' => 'PHPSESSID=ge44mbnnmafqqi3s3uhvdu0i92',
  'accept-language' => 'zh-CN,zh;q=0.8',
  'accept-encoding' => 'gzip, deflate',
  'referer' => 'http://o2o.com/',
  'accept' => 'text/html,application/xhtml+xml,application/xml;q=0.9,image/webp,image/apng,*/*;q=0.8',
  'user-agent' => 'Mozilla/5.0 (Windows NT 6.1; Win64; x64) AppleWebKit/537.36 (KHTML, like Gecko) Chrome/60.0.3112.78 Safari/537.36',
  'upgrade-insecure-requests' => '1',
  'connection' => 'close',
  'host' => 'o2o.com',
)
[ info ] [ PARAM ] array (
)
[ info ] [ RUN ] app\index\controller\User->login[ F:\Aaron\GitHub\tp5_o2o\application\index\controller\User.php ]
[ info ] [ SESSION ] INIT array (
  'id' => '',
  'var_session_id' => '',
  'prefix' => 'think',
  'type' => '',
  'auto_start' => true,
)
[ info ] [ VIEW ] F:\Aaron\GitHub\tp5_o2o\public/../application/index\view\user\login.html [ array (
) ]
[ info ] [ LOG ] INIT File

---------------------------------------------------------------
[ 2017-08-22T19:45:34+08:00 ] 127.0.0.1 127.0.0.1 POST /index/user/logincheck.html
[ log ] o2o.com/index/user/logincheck.html [运行时间：0.231000s][吞吐率：4.33req/s] [内存消耗：2,160.02kb] [文件加载：62]
[ info ] [ LANG ] F:\Aaron\GitHub\tp5_o2o\thinkphp\lang\zh-cn.php
[ info ] [ ROUTE ] array (
  'type' => 'module',
  'module' => 
  array (
    0 => 'index',
    1 => 'user',
    2 => 'logincheck',
  ),
)
[ info ] [ HEADER ] array (
  'cookie' => 'PHPSESSID=ge44mbnnmafqqi3s3uhvdu0i92',
  'accept-language' => 'zh-CN,zh;q=0.8',
  'accept-encoding' => 'gzip, deflate',
  'referer' => 'http://o2o.com/index/user/login.html',
  'accept' => 'text/html,application/xhtml+xml,application/xml;q=0.9,image/webp,image/apng,*/*;q=0.8',
  'content-type' => 'application/x-www-form-urlencoded',
  'user-agent' => 'Mozilla/5.0 (Windows NT 6.1; Win64; x64) AppleWebKit/537.36 (KHTML, like Gecko) Chrome/60.0.3112.78 Safari/537.36',
  'upgrade-insecure-requests' => '1',
  'origin' => 'http://o2o.com',
  'cache-control' => 'max-age=0',
  'content-length' => '30',
  'connection' => 'close',
  'host' => 'o2o.com',
)
[ info ] [ PARAM ] array (
  'username' => 'admin',
  'password' => '123456',
)
[ info ] [ RUN ] app\index\controller\User->logincheck[ F:\Aaron\GitHub\tp5_o2o\application\index\controller\User.php ]
[ info ] [ DB ] INIT mysql
[ info ] [ VIEW ] F:\Aaron\GitHub\tp5_o2o\thinkphp\tpl\dispatch_jump.tpl [ array (
  0 => 'code',
  1 => 'msg',
  2 => 'data',
  3 => 'url',
  4 => 'wait',
) ]
[ info ] [ LOG ] INIT File
[ sql ] [ DB ] CONNECT:[ UseTime:0.010000s ] mysql:dbname=imooc_o2o;host=127.0.0.1;charset=utf8
[ sql ] [ SQL ] SHOW COLUMNS FROM `o2o_user` [ RunTime:0.039000s ]
[ sql ] [ SQL ] SELECT * FROM `o2o_user` WHERE  `username` = 'admin' LIMIT 1 [ RunTime:0.000000s ]

---------------------------------------------------------------
[ 2017-08-22T19:45:36+08:00 ] 127.0.0.1 127.0.0.1 GET /index/user/login.html
[ log ] o2o.com/index/user/login.html [运行时间：0.022000s][吞吐率：45.45req/s] [内存消耗：1,396.44kb] [文件加载：51]
[ info ] [ LANG ] F:\Aaron\GitHub\tp5_o2o\thinkphp\lang\zh-cn.php
[ info ] [ ROUTE ] array (
  'type' => 'module',
  'module' => 
  array (
    0 => 'index',
    1 => 'user',
    2 => 'login',
  ),
)
[ info ] [ HEADER ] array (
  'cookie' => 'PHPSESSID=ge44mbnnmafqqi3s3uhvdu0i92',
  'accept-language' => 'zh-CN,zh;q=0.8',
  'accept-encoding' => 'gzip, deflate',
  'referer' => 'http://o2o.com/',
  'accept' => 'text/html,application/xhtml+xml,application/xml;q=0.9,image/webp,image/apng,*/*;q=0.8',
  'user-agent' => 'Mozilla/5.0 (Windows NT 6.1; Win64; x64) AppleWebKit/537.36 (KHTML, like Gecko) Chrome/60.0.3112.78 Safari/537.36',
  'upgrade-insecure-requests' => '1',
  'connection' => 'close',
  'host' => 'o2o.com',
)
[ info ] [ PARAM ] array (
)
[ info ] [ RUN ] app\index\controller\User->login[ F:\Aaron\GitHub\tp5_o2o\application\index\controller\User.php ]
[ info ] [ SESSION ] INIT array (
  'id' => '',
  'var_session_id' => '',
  'prefix' => 'think',
  'type' => '',
  'auto_start' => true,
)
[ info ] [ VIEW ] F:\Aaron\GitHub\tp5_o2o\public/../application/index\view\user\login.html [ array (
) ]
[ info ] [ LOG ] INIT File

---------------------------------------------------------------
[ 2017-08-22T19:45:39+08:00 ] 127.0.0.1 127.0.0.1 POST /index/user/logincheck.html
[ log ] o2o.com/index/user/logincheck.html [运行时间：0.038000s][吞吐率：26.32req/s] [内存消耗：2,160.02kb] [文件加载：62]
[ info ] [ LANG ] F:\Aaron\GitHub\tp5_o2o\thinkphp\lang\zh-cn.php
[ info ] [ ROUTE ] array (
  'type' => 'module',
  'module' => 
  array (
    0 => 'index',
    1 => 'user',
    2 => 'logincheck',
  ),
)
[ info ] [ HEADER ] array (
  'cookie' => 'PHPSESSID=ge44mbnnmafqqi3s3uhvdu0i92',
  'accept-language' => 'zh-CN,zh;q=0.8',
  'accept-encoding' => 'gzip, deflate',
  'referer' => 'http://o2o.com/index/user/login.html',
  'accept' => 'text/html,application/xhtml+xml,application/xml;q=0.9,image/webp,image/apng,*/*;q=0.8',
  'content-type' => 'application/x-www-form-urlencoded',
  'user-agent' => 'Mozilla/5.0 (Windows NT 6.1; Win64; x64) AppleWebKit/537.36 (KHTML, like Gecko) Chrome/60.0.3112.78 Safari/537.36',
  'upgrade-insecure-requests' => '1',
  'origin' => 'http://o2o.com',
  'cache-control' => 'max-age=0',
  'content-length' => '29',
  'connection' => 'close',
  'host' => 'o2o.com',
)
[ info ] [ PARAM ] array (
  'username' => 'admin',
  'password' => 'admin',
)
[ info ] [ RUN ] app\index\controller\User->logincheck[ F:\Aaron\GitHub\tp5_o2o\application\index\controller\User.php ]
[ info ] [ DB ] INIT mysql
[ info ] [ VIEW ] F:\Aaron\GitHub\tp5_o2o\thinkphp\tpl\dispatch_jump.tpl [ array (
  0 => 'code',
  1 => 'msg',
  2 => 'data',
  3 => 'url',
  4 => 'wait',
) ]
[ info ] [ LOG ] INIT File
[ sql ] [ DB ] CONNECT:[ UseTime:0.001000s ] mysql:dbname=imooc_o2o;host=127.0.0.1;charset=utf8
[ sql ] [ SQL ] SHOW COLUMNS FROM `o2o_user` [ RunTime:0.007000s ]
[ sql ] [ SQL ] SELECT * FROM `o2o_user` WHERE  `username` = 'admin' LIMIT 1 [ RunTime:0.001000s ]

---------------------------------------------------------------
[ 2017-08-22T19:45:41+08:00 ] 127.0.0.1 127.0.0.1 GET /index/user/login.html
[ log ] o2o.com/index/user/login.html [运行时间：0.021000s][吞吐率：47.62req/s] [内存消耗：1,396.44kb] [文件加载：51]
[ info ] [ LANG ] F:\Aaron\GitHub\tp5_o2o\thinkphp\lang\zh-cn.php
[ info ] [ ROUTE ] array (
  'type' => 'module',
  'module' => 
  array (
    0 => 'index',
    1 => 'user',
    2 => 'login',
  ),
)
[ info ] [ HEADER ] array (
  'cookie' => 'PHPSESSID=ge44mbnnmafqqi3s3uhvdu0i92',
  'accept-language' => 'zh-CN,zh;q=0.8',
  'accept-encoding' => 'gzip, deflate',
  'referer' => 'http://o2o.com/',
  'accept' => 'text/html,application/xhtml+xml,application/xml;q=0.9,image/webp,image/apng,*/*;q=0.8',
  'user-agent' => 'Mozilla/5.0 (Windows NT 6.1; Win64; x64) AppleWebKit/537.36 (KHTML, like Gecko) Chrome/60.0.3112.78 Safari/537.36',
  'upgrade-insecure-requests' => '1',
  'connection' => 'close',
  'host' => 'o2o.com',
)
[ info ] [ PARAM ] array (
)
[ info ] [ RUN ] app\index\controller\User->login[ F:\Aaron\GitHub\tp5_o2o\application\index\controller\User.php ]
[ info ] [ SESSION ] INIT array (
  'id' => '',
  'var_session_id' => '',
  'prefix' => 'think',
  'type' => '',
  'auto_start' => true,
)
[ info ] [ VIEW ] F:\Aaron\GitHub\tp5_o2o\public/../application/index\view\user\login.html [ array (
) ]
[ info ] [ LOG ] INIT File

---------------------------------------------------------------
[ 2017-08-22T19:45:43+08:00 ] 127.0.0.1 127.0.0.1 POST /index/user/logincheck.html
[ log ] o2o.com/index/user/logincheck.html [运行时间：0.038000s][吞吐率：26.32req/s] [内存消耗：2,160.02kb] [文件加载：62]
[ info ] [ LANG ] F:\Aaron\GitHub\tp5_o2o\thinkphp\lang\zh-cn.php
[ info ] [ ROUTE ] array (
  'type' => 'module',
  'module' => 
  array (
    0 => 'index',
    1 => 'user',
    2 => 'logincheck',
  ),
)
[ info ] [ HEADER ] array (
  'cookie' => 'PHPSESSID=ge44mbnnmafqqi3s3uhvdu0i92',
  'accept-language' => 'zh-CN,zh;q=0.8',
  'accept-encoding' => 'gzip, deflate',
  'referer' => 'http://o2o.com/index/user/login.html',
  'accept' => 'text/html,application/xhtml+xml,application/xml;q=0.9,image/webp,image/apng,*/*;q=0.8',
  'content-type' => 'application/x-www-form-urlencoded',
  'user-agent' => 'Mozilla/5.0 (Windows NT 6.1; Win64; x64) AppleWebKit/537.36 (KHTML, like Gecko) Chrome/60.0.3112.78 Safari/537.36',
  'upgrade-insecure-requests' => '1',
  'origin' => 'http://o2o.com',
  'cache-control' => 'max-age=0',
  'content-length' => '27',
  'connection' => 'close',
  'host' => 'o2o.com',
)
[ info ] [ PARAM ] array (
  'username' => 'admin',
  'password' => '666',
)
[ info ] [ RUN ] app\index\controller\User->logincheck[ F:\Aaron\GitHub\tp5_o2o\application\index\controller\User.php ]
[ info ] [ DB ] INIT mysql
[ info ] [ VIEW ] F:\Aaron\GitHub\tp5_o2o\thinkphp\tpl\dispatch_jump.tpl [ array (
  0 => 'code',
  1 => 'msg',
  2 => 'data',
  3 => 'url',
  4 => 'wait',
) ]
[ info ] [ LOG ] INIT File
[ sql ] [ DB ] CONNECT:[ UseTime:0.000000s ] mysql:dbname=imooc_o2o;host=127.0.0.1;charset=utf8
[ sql ] [ SQL ] SHOW COLUMNS FROM `o2o_user` [ RunTime:0.006000s ]
[ sql ] [ SQL ] SELECT * FROM `o2o_user` WHERE  `username` = 'admin' LIMIT 1 [ RunTime:0.000000s ]

---------------------------------------------------------------
[ 2017-08-22T19:45:44+08:00 ] 127.0.0.1 127.0.0.1 GET /index/user/login.html
[ log ] o2o.com/index/user/login.html [运行时间：0.022000s][吞吐率：45.45req/s] [内存消耗：1,396.44kb] [文件加载：51]
[ info ] [ LANG ] F:\Aaron\GitHub\tp5_o2o\thinkphp\lang\zh-cn.php
[ info ] [ ROUTE ] array (
  'type' => 'module',
  'module' => 
  array (
    0 => 'index',
    1 => 'user',
    2 => 'login',
  ),
)
[ info ] [ HEADER ] array (
  'cookie' => 'PHPSESSID=ge44mbnnmafqqi3s3uhvdu0i92',
  'accept-language' => 'zh-CN,zh;q=0.8',
  'accept-encoding' => 'gzip, deflate',
  'referer' => 'http://o2o.com/',
  'accept' => 'text/html,application/xhtml+xml,application/xml;q=0.9,image/webp,image/apng,*/*;q=0.8',
  'user-agent' => 'Mozilla/5.0 (Windows NT 6.1; Win64; x64) AppleWebKit/537.36 (KHTML, like Gecko) Chrome/60.0.3112.78 Safari/537.36',
  'upgrade-insecure-requests' => '1',
  'connection' => 'close',
  'host' => 'o2o.com',
)
[ info ] [ PARAM ] array (
)
[ info ] [ RUN ] app\index\controller\User->login[ F:\Aaron\GitHub\tp5_o2o\application\index\controller\User.php ]
[ info ] [ SESSION ] INIT array (
  'id' => '',
  'var_session_id' => '',
  'prefix' => 'think',
  'type' => '',
  'auto_start' => true,
)
[ info ] [ VIEW ] F:\Aaron\GitHub\tp5_o2o\public/../application/index\view\user\login.html [ array (
) ]
[ info ] [ LOG ] INIT File

---------------------------------------------------------------
[ 2017-08-22T19:45:46+08:00 ] 127.0.0.1 127.0.0.1 GET /index/user/register.html
[ log ] o2o.com/index/user/register.html [运行时间：0.044000s][吞吐率：22.73req/s] [内存消耗：1,395.03kb] [文件加载：51]
[ info ] [ LANG ] F:\Aaron\GitHub\tp5_o2o\thinkphp\lang\zh-cn.php
[ info ] [ ROUTE ] array (
  'type' => 'module',
  'module' => 
  array (
    0 => 'index',
    1 => 'user',
    2 => 'register',
  ),
)
[ info ] [ HEADER ] array (
  'cookie' => 'PHPSESSID=ge44mbnnmafqqi3s3uhvdu0i92',
  'accept-language' => 'zh-CN,zh;q=0.8',
  'accept-encoding' => 'gzip, deflate',
  'referer' => 'http://o2o.com/index/user/login.html',
  'accept' => 'text/html,application/xhtml+xml,application/xml;q=0.9,image/webp,image/apng,*/*;q=0.8',
  'user-agent' => 'Mozilla/5.0 (Windows NT 6.1; Win64; x64) AppleWebKit/537.36 (KHTML, like Gecko) Chrome/60.0.3112.78 Safari/537.36',
  'upgrade-insecure-requests' => '1',
  'connection' => 'close',
  'host' => 'o2o.com',
)
[ info ] [ PARAM ] array (
)
[ info ] [ RUN ] app\index\controller\User->register[ F:\Aaron\GitHub\tp5_o2o\application\index\controller\User.php ]
[ info ] [ VIEW ] F:\Aaron\GitHub\tp5_o2o\public/../application/index\view\user\register.html [ array (
) ]
[ info ] [ LOG ] INIT File

---------------------------------------------------------------
[ 2017-08-22T19:45:46+08:00 ] 127.0.0.1 127.0.0.1 GET /captcha.html
[ log ] o2o.com/captcha.html [运行时间：0.238000s][吞吐率：4.20req/s] [内存消耗：1,193.56kb] [文件加载：42]
[ info ] [ LANG ] F:\Aaron\GitHub\tp5_o2o\thinkphp\lang\zh-cn.php
[ info ] [ ROUTE ] array (
  'type' => 'method',
  'method' => 
  array (
    0 => '\\think\\captcha\\CaptchaController',
    1 => 'index',
  ),
  'var' => 
  array (
  ),
)
[ info ] [ HEADER ] array (
  'cookie' => 'PHPSESSID=ge44mbnnmafqqi3s3uhvdu0i92',
  'accept-language' => 'zh-CN,zh;q=0.8',
  'accept-encoding' => 'gzip, deflate',
  'referer' => 'http://o2o.com/index/user/register.html',
  'accept' => 'image/webp,image/apng,image/*,*/*;q=0.8',
  'user-agent' => 'Mozilla/5.0 (Windows NT 6.1; Win64; x64) AppleWebKit/537.36 (KHTML, like Gecko) Chrome/60.0.3112.78 Safari/537.36',
  'connection' => 'close',
  'host' => 'o2o.com',
)
[ info ] [ PARAM ] array (
  'id' => NULL,
)
[ info ] [ RUN ] think\captcha\CaptchaController->index[ F:\Aaron\GitHub\tp5_o2o\vendor\topthink\think-captcha\src\CaptchaController.php ]
[ info ] [ SESSION ] INIT array (
  'id' => '',
  'var_session_id' => '',
  'prefix' => 'think',
  'type' => '',
  'auto_start' => true,
)
[ info ] [ LOG ] INIT File

---------------------------------------------------------------
[ 2017-08-22T19:45:51+08:00 ] 127.0.0.1 127.0.0.1 GET /index/user/login.html
[ log ] o2o.com/index/user/login.html [运行时间：0.021000s][吞吐率：47.62req/s] [内存消耗：1,397.00kb] [文件加载：51]
[ info ] [ LANG ] F:\Aaron\GitHub\tp5_o2o\thinkphp\lang\zh-cn.php
[ info ] [ ROUTE ] array (
  'type' => 'module',
  'module' => 
  array (
    0 => 'index',
    1 => 'user',
    2 => 'login',
  ),
)
[ info ] [ HEADER ] array (
  'cookie' => 'PHPSESSID=ge44mbnnmafqqi3s3uhvdu0i92',
  'accept-language' => 'zh-CN,zh;q=0.8',
  'accept-encoding' => 'gzip, deflate',
  'referer' => 'http://o2o.com/',
  'accept' => 'text/html,application/xhtml+xml,application/xml;q=0.9,image/webp,image/apng,*/*;q=0.8',
  'user-agent' => 'Mozilla/5.0 (Windows NT 6.1; Win64; x64) AppleWebKit/537.36 (KHTML, like Gecko) Chrome/60.0.3112.78 Safari/537.36',
  'upgrade-insecure-requests' => '1',
  'connection' => 'close',
  'host' => 'o2o.com',
)
[ info ] [ PARAM ] array (
)
[ info ] [ RUN ] app\index\controller\User->login[ F:\Aaron\GitHub\tp5_o2o\application\index\controller\User.php ]
[ info ] [ SESSION ] INIT array (
  'id' => '',
  'var_session_id' => '',
  'prefix' => 'think',
  'type' => '',
  'auto_start' => true,
)
[ info ] [ VIEW ] F:\Aaron\GitHub\tp5_o2o\public/../application/index\view\user\login.html [ array (
) ]
[ info ] [ LOG ] INIT File

---------------------------------------------------------------
[ 2017-08-22T19:46:06+08:00 ] 127.0.0.1 127.0.0.1 POST /index/user/logincheck.html
[ log ] o2o.com/index/user/logincheck.html [运行时间：0.256000s][吞吐率：3.91req/s] [内存消耗：2,224.05kb] [文件加载：66]
[ info ] [ LANG ] F:\Aaron\GitHub\tp5_o2o\thinkphp\lang\zh-cn.php
[ info ] [ ROUTE ] array (
  'type' => 'module',
  'module' => 
  array (
    0 => 'index',
    1 => 'user',
    2 => 'logincheck',
  ),
)
[ info ] [ HEADER ] array (
  'cookie' => 'PHPSESSID=ge44mbnnmafqqi3s3uhvdu0i92',
  'accept-language' => 'zh-CN,zh;q=0.8',
  'accept-encoding' => 'gzip, deflate',
  'referer' => 'http://o2o.com/index/user/login.html',
  'accept' => 'text/html,application/xhtml+xml,application/xml;q=0.9,image/webp,image/apng,*/*;q=0.8',
  'content-type' => 'application/x-www-form-urlencoded',
  'user-agent' => 'Mozilla/5.0 (Windows NT 6.1; Win64; x64) AppleWebKit/537.36 (KHTML, like Gecko) Chrome/60.0.3112.78 Safari/537.36',
  'upgrade-insecure-requests' => '1',
  'origin' => 'http://o2o.com',
  'cache-control' => 'max-age=0',
  'content-length' => '29',
  'connection' => 'close',
  'host' => 'o2o.com',
)
[ info ] [ PARAM ] array (
  'username' => '12345',
  'password' => '12345',
)
[ info ] [ RUN ] app\index\controller\User->logincheck[ F:\Aaron\GitHub\tp5_o2o\application\index\controller\User.php ]
[ info ] [ DB ] INIT mysql
[ info ] [ CACHE ] INIT File
[ info ] [ SESSION ] INIT array (
  'id' => '',
  'var_session_id' => '',
  'prefix' => 'think',
  'type' => '',
  'auto_start' => true,
)
[ info ] [ VIEW ] F:\Aaron\GitHub\tp5_o2o\thinkphp\tpl\dispatch_jump.tpl [ array (
  0 => 'code',
  1 => 'msg',
  2 => 'data',
  3 => 'url',
  4 => 'wait',
) ]
[ info ] [ LOG ] INIT File
[ sql ] [ DB ] CONNECT:[ UseTime:0.001000s ] mysql:dbname=imooc_o2o;host=127.0.0.1;charset=utf8
[ sql ] [ SQL ] SHOW COLUMNS FROM `o2o_user` [ RunTime:0.006000s ]
[ sql ] [ SQL ] SELECT * FROM `o2o_user` WHERE  `username` = '12345' LIMIT 1 [ RunTime:0.001000s ]
[ sql ] [ SQL ] UPDATE `o2o_user`  SET `last_login_time`='1503402365',`update_time`=1503402365  WHERE  `id` = 1 [ RunTime:0.081000s ]

---------------------------------------------------------------
[ 2017-08-22T19:46:07+08:00 ] 127.0.0.1 127.0.0.1 GET /index/index/index.html
[ log ] o2o.com/index/index/index.html [运行时间：0.071000s][吞吐率：14.08req/s] [内存消耗：2,327.86kb] [文件加载：66]
[ info ] [ LANG ] F:\Aaron\GitHub\tp5_o2o\thinkphp\lang\zh-cn.php
[ info ] [ ROUTE ] array (
  'type' => 'module',
  'module' => 
  array (
    0 => 'index',
    1 => 'index',
    2 => 'index',
  ),
)
[ info ] [ HEADER ] array (
  'cookie' => 'PHPSESSID=ge44mbnnmafqqi3s3uhvdu0i92',
  'accept-language' => 'zh-CN,zh;q=0.8',
  'accept-encoding' => 'gzip, deflate',
  'referer' => 'http://o2o.com/index/user/logincheck.html',
  'accept' => 'text/html,application/xhtml+xml,application/xml;q=0.9,image/webp,image/apng,*/*;q=0.8',
  'user-agent' => 'Mozilla/5.0 (Windows NT 6.1; Win64; x64) AppleWebKit/537.36 (KHTML, like Gecko) Chrome/60.0.3112.78 Safari/537.36',
  'upgrade-insecure-requests' => '1',
  'connection' => 'close',
  'host' => 'o2o.com',
)
[ info ] [ PARAM ] array (
)
[ info ] [ DB ] INIT mysql
[ info ] [ SESSION ] INIT array (
  'id' => '',
  'var_session_id' => '',
  'prefix' => 'think',
  'type' => '',
  'auto_start' => true,
)
[ info ] [ RUN ] app\index\controller\Index->index[ F:\Aaron\GitHub\tp5_o2o\application\index\controller\Index.php ]
[ info ] [ VIEW ] F:\Aaron\GitHub\tp5_o2o\public/../application/index\view\index\index.html [ array (
  0 => 'citys',
  1 => 'cityname',
  2 => 'useraccount',
  3 => 'cats',
  4 => 'controller',
  5 => 'title',
  6 => 'params',
  7 => 'featuredArr',
  8 => 'dealDatas',
  9 => 'meishicats',
) ]
[ info ] [ LOG ] INIT File
[ sql ] [ DB ] CONNECT:[ UseTime:0.001000s ] mysql:dbname=imooc_o2o;host=127.0.0.1;charset=utf8
[ sql ] [ SQL ] SHOW COLUMNS FROM `o2o_city` [ RunTime:0.007000s ]
[ sql ] [ SQL ] SELECT * FROM `o2o_city` WHERE  `status` = 1  AND `parent_id` > 0 ORDER BY `id`  desc [ RunTime:0.001000s ]
[ sql ] [ SQL ] SELECT * FROM `o2o_city` WHERE  `uname` = 'beijing' LIMIT 1 [ RunTime:0.001000s ]
[ sql ] [ SQL ] SHOW COLUMNS FROM `o2o_category` [ RunTime:0.007000s ]
[ sql ] [ SQL ] SELECT * FROM `o2o_category` WHERE  `parent_id` = 0  AND `status` = 1 ORDER BY `listorder`  desc,`id`  desc LIMIT 5 [ RunTime:0.000000s ]
[ sql ] [ SQL ] SELECT * FROM `o2o_category` WHERE  `parent_id` IN (33,11,5,4,3)  AND `status` = 1 ORDER BY `listorder`  desc,`id`  desc [ RunTime:0.000000s ]
[ sql ] [ SQL ] SHOW COLUMNS FROM `o2o_featured` [ RunTime:0.007000s ]
[ sql ] [ SQL ] SELECT * FROM `o2o_featured` WHERE  `status` = 1 ORDER BY `id`  desc [ RunTime:0.000000s ]
[ sql ] [ SQL ] SHOW COLUMNS FROM `o2o_deal` [ RunTime:0.006000s ]
[ sql ] [ SQL ] SELECT * FROM `o2o_deal` WHERE  `end_time` > 1503402367  AND `category_id` = 33  AND `se_city_id` = 2  AND `status` = 1 ORDER BY `listorder`  desc,`id`  desc LIMIT 10 [ RunTime:0.000000s ]
[ sql ] [ SQL ] SELECT * FROM `o2o_category` WHERE  `status` = 1  AND `parent_id` = 33 ORDER BY `id`  desc [ RunTime:0.001000s ]

---------------------------------------------------------------
[ 2017-08-22T19:46:15+08:00 ] 127.0.0.1 127.0.0.1 GET /admin
[ log ] o2o.com/admin [运行时间：0.151000s][吞吐率：6.62req/s] [内存消耗：1,394.69kb] [文件加载：51]
[ info ] [ LANG ] F:\Aaron\GitHub\tp5_o2o\thinkphp\lang\zh-cn.php
[ info ] [ ROUTE ] array (
  'type' => 'module',
  'module' => 
  array (
    0 => 'admin',
    1 => NULL,
    2 => NULL,
  ),
)
[ info ] [ HEADER ] array (
  'cookie' => 'PHPSESSID=ge44mbnnmafqqi3s3uhvdu0i92',
  'accept-language' => 'zh-CN,zh;q=0.8',
  'accept-encoding' => 'gzip, deflate',
  'accept' => 'text/html,application/xhtml+xml,application/xml;q=0.9,image/webp,image/apng,*/*;q=0.8',
  'user-agent' => 'Mozilla/5.0 (Windows NT 6.1; Win64; x64) AppleWebKit/537.36 (KHTML, like Gecko) Chrome/60.0.3112.78 Safari/537.36',
  'upgrade-insecure-requests' => '1',
  'connection' => 'close',
  'host' => 'o2o.com',
)
[ info ] [ PARAM ] array (
)
[ info ] [ RUN ] app\admin\controller\Index->index[ F:\Aaron\GitHub\tp5_o2o\application\admin\controller\Index.php ]
[ info ] [ VIEW ] F:\Aaron\GitHub\tp5_o2o\public/../application/admin\view\index\index.html [ array (
) ]
[ info ] [ LOG ] INIT File

---------------------------------------------------------------
[ 2017-08-22T19:46:16+08:00 ] 127.0.0.1 127.0.0.1 GET /admin/index/welcome.html
[ log ] o2o.com/admin/index/welcome.html [运行时间：0.146000s][吞吐率：6.85req/s] [内存消耗：1,344.84kb] [文件加载：50]
[ info ] [ LANG ] F:\Aaron\GitHub\tp5_o2o\thinkphp\lang\zh-cn.php
[ info ] [ ROUTE ] array (
  'type' => 'module',
  'module' => 
  array (
    0 => 'admin',
    1 => 'index',
    2 => 'welcome',
  ),
)
[ info ] [ HEADER ] array (
  'cookie' => 'PHPSESSID=ge44mbnnmafqqi3s3uhvdu0i92',
  'accept-language' => 'zh-CN,zh;q=0.8',
  'accept-encoding' => 'gzip, deflate',
  'referer' => 'http://o2o.com/admin',
  'accept' => 'text/html,application/xhtml+xml,application/xml;q=0.9,image/webp,image/apng,*/*;q=0.8',
  'user-agent' => 'Mozilla/5.0 (Windows NT 6.1; Win64; x64) AppleWebKit/537.36 (KHTML, like Gecko) Chrome/60.0.3112.78 Safari/537.36',
  'upgrade-insecure-requests' => '1',
  'connection' => 'close',
  'host' => 'o2o.com',
)
[ info ] [ PARAM ] array (
)
[ info ] [ RUN ] app\admin\controller\Index->welcome[ F:\Aaron\GitHub\tp5_o2o\application\admin\controller\Index.php ]
[ info ] [ LOG ] INIT File

---------------------------------------------------------------
