[ 2017-08-26T12:33:34+08:00 ] 127.0.0.1 127.0.0.1 GET /admin
[ log ] o2o.com/admin [运行时间：0.134000s][吞吐率：7.46req/s] [内存消耗：1,394.54kb] [文件加载：51]
[ info ] [ LANG ] F:\Aaron\GitHub\tp5_o2o\thinkphp\lang\zh-cn.php
[ info ] [ ROUTE ] array (
  'type' => 'module',
  'module' => 
  array (
    0 => 'admin',
    1 => NULL,
    2 => NULL,
  ),
)
[ info ] [ HEADER ] array (
  'accept-language' => 'zh-CN,zh;q=0.8',
  'accept-encoding' => 'gzip, deflate',
  'accept' => 'text/html,application/xhtml+xml,application/xml;q=0.9,image/webp,image/apng,*/*;q=0.8',
  'user-agent' => 'Mozilla/5.0 (Windows NT 6.1; Win64; x64) AppleWebKit/537.36 (KHTML, like Gecko) Chrome/60.0.3112.78 Safari/537.36',
  'upgrade-insecure-requests' => '1',
  'connection' => 'close',
  'host' => 'o2o.com',
)
[ info ] [ PARAM ] array (
)
[ info ] [ RUN ] app\admin\controller\Index->index[ F:\Aaron\GitHub\tp5_o2o\application\admin\controller\Index.php ]
[ info ] [ VIEW ] F:\Aaron\GitHub\tp5_o2o\public/../application/admin\view\index\index.html [ array (
) ]
[ info ] [ LOG ] INIT File

---------------------------------------------------------------
[ 2017-08-26T12:33:34+08:00 ] 127.0.0.1 127.0.0.1 GET /admin/index/welcome.html
[ log ] o2o.com/admin/index/welcome.html [运行时间：0.031000s][吞吐率：32.26req/s] [内存消耗：1,344.42kb] [文件加载：50]
[ info ] [ LANG ] F:\Aaron\GitHub\tp5_o2o\thinkphp\lang\zh-cn.php
[ info ] [ ROUTE ] array (
  'type' => 'module',
  'module' => 
  array (
    0 => 'admin',
    1 => 'index',
    2 => 'welcome',
  ),
)
[ info ] [ HEADER ] array (
  'accept-language' => 'zh-CN,zh;q=0.8',
  'accept-encoding' => 'gzip, deflate',
  'referer' => 'http://o2o.com/admin',
  'accept' => 'text/html,application/xhtml+xml,application/xml;q=0.9,image/webp,image/apng,*/*;q=0.8',
  'user-agent' => 'Mozilla/5.0 (Windows NT 6.1; Win64; x64) AppleWebKit/537.36 (KHTML, like Gecko) Chrome/60.0.3112.78 Safari/537.36',
  'upgrade-insecure-requests' => '1',
  'connection' => 'close',
  'host' => 'o2o.com',
)
[ info ] [ PARAM ] array (
)
[ info ] [ RUN ] app\admin\controller\Index->welcome[ F:\Aaron\GitHub\tp5_o2o\application\admin\controller\Index.php ]
[ info ] [ LOG ] INIT File

---------------------------------------------------------------
[ 2017-08-26T12:33:37+08:00 ] 127.0.0.1 127.0.0.1 GET /admin/category/index.html
[ log ] o2o.com/admin/category/index.html [运行时间：0.254000s][吞吐率：3.94req/s] [内存消耗：2,269.88kb] [文件加载：64]
[ info ] [ LANG ] F:\Aaron\GitHub\tp5_o2o\thinkphp\lang\zh-cn.php
[ info ] [ ROUTE ] array (
  'type' => 'module',
  'module' => 
  array (
    0 => 'admin',
    1 => 'category',
    2 => 'index',
  ),
)
[ info ] [ HEADER ] array (
  'accept-language' => 'zh-CN,zh;q=0.8',
  'accept-encoding' => 'gzip, deflate',
  'referer' => 'http://o2o.com/admin',
  'accept' => 'text/html,application/xhtml+xml,application/xml;q=0.9,image/webp,image/apng,*/*;q=0.8',
  'user-agent' => 'Mozilla/5.0 (Windows NT 6.1; Win64; x64) AppleWebKit/537.36 (KHTML, like Gecko) Chrome/60.0.3112.78 Safari/537.36',
  'upgrade-insecure-requests' => '1',
  'connection' => 'close',
  'host' => 'o2o.com',
)
[ info ] [ PARAM ] array (
)
[ info ] [ DB ] INIT mysql
[ info ] [ RUN ] app\admin\controller\Category->index[ F:\Aaron\GitHub\tp5_o2o\application\admin\controller\Category.php ]
[ info ] [ VIEW ] F:\Aaron\GitHub\tp5_o2o\public/../application/admin\view\category\index.html [ array (
  0 => 'categorys',
) ]
[ info ] [ LOG ] INIT File
[ sql ] [ DB ] CONNECT:[ UseTime:0.000000s ] mysql:dbname=imooc_o2o;host=127.0.0.1;charset=utf8
[ sql ] [ SQL ] SHOW COLUMNS FROM `o2o_category` [ RunTime:0.035000s ]
[ sql ] [ SQL ] SELECT COUNT(*) AS tp_count FROM `o2o_category` WHERE  `parent_id` = 0  AND `status` <> -1 LIMIT 1 [ RunTime:0.001000s ]
[ sql ] [ SQL ] SELECT * FROM `o2o_category` WHERE  `parent_id` = 0  AND `status` <> -1 ORDER BY `listorder`  desc,`id`  desc LIMIT 0,10 [ RunTime:0.001000s ]

---------------------------------------------------------------
[ 2017-08-26T12:33:37+08:00 ] 127.0.0.1 127.0.0.1 GET /admin/index/map.html
[ log ] o2o.com/admin/index/map.html [运行时间：0.653000s][吞吐率：1.53req/s] [内存消耗：1,346.15kb] [文件加载：50]
[ info ] [ LANG ] F:\Aaron\GitHub\tp5_o2o\thinkphp\lang\zh-cn.php
[ info ] [ ROUTE ] array (
  'type' => 'module',
  'module' => 
  array (
    0 => 'admin',
    1 => 'index',
    2 => 'map',
  ),
)
[ info ] [ HEADER ] array (
  'accept-language' => 'zh-CN,zh;q=0.8',
  'accept-encoding' => 'gzip, deflate',
  'referer' => 'http://o2o.com/admin/category/index.html',
  'accept' => 'image/webp,image/apng,image/*,*/*;q=0.8',
  'user-agent' => 'Mozilla/5.0 (Windows NT 6.1; Win64; x64) AppleWebKit/537.36 (KHTML, like Gecko) Chrome/60.0.3112.78 Safari/537.36',
  'connection' => 'close',
  'host' => 'o2o.com',
)
[ info ] [ PARAM ] array (
)
[ info ] [ RUN ] app\admin\controller\Index->map[ F:\Aaron\GitHub\tp5_o2o\application\admin\controller\Index.php ]
[ info ] [ LOG ] INIT File

---------------------------------------------------------------
[ 2017-08-26T12:33:39+08:00 ] 127.0.0.1 127.0.0.1 GET /admin/category/status.html?id=33&status=0
[ log ] o2o.com/admin/category/status.html?id=33&status=0 [运行时间：0.170000s][吞吐率：5.88req/s] [内存消耗：2,170.98kb] [文件加载：64]
[ info ] [ LANG ] F:\Aaron\GitHub\tp5_o2o\thinkphp\lang\zh-cn.php
[ info ] [ ROUTE ] array (
  'type' => 'module',
  'module' => 
  array (
    0 => 'admin',
    1 => 'category',
    2 => 'status',
  ),
)
[ info ] [ HEADER ] array (
  'accept-language' => 'zh-CN,zh;q=0.8',
  'accept-encoding' => 'gzip, deflate',
  'referer' => 'http://o2o.com/admin/category/index.html',
  'accept' => 'text/html,application/xhtml+xml,application/xml;q=0.9,image/webp,image/apng,*/*;q=0.8',
  'user-agent' => 'Mozilla/5.0 (Windows NT 6.1; Win64; x64) AppleWebKit/537.36 (KHTML, like Gecko) Chrome/60.0.3112.78 Safari/537.36',
  'upgrade-insecure-requests' => '1',
  'connection' => 'close',
  'host' => 'o2o.com',
)
[ info ] [ PARAM ] array (
  'id' => '33',
  'status' => '0',
)
[ info ] [ DB ] INIT mysql
[ info ] [ RUN ] app\admin\controller\Base->status[ F:\Aaron\GitHub\tp5_o2o\application\admin\controller\Base.php ]
[ info ] [ CACHE ] INIT File
[ info ] [ VIEW ] F:\Aaron\GitHub\tp5_o2o\thinkphp\tpl\dispatch_jump.tpl [ array (
  0 => 'code',
  1 => 'msg',
  2 => 'data',
  3 => 'url',
  4 => 'wait',
) ]
[ info ] [ LOG ] INIT File
[ sql ] [ DB ] CONNECT:[ UseTime:0.010000s ] mysql:dbname=imooc_o2o;host=127.0.0.1;charset=utf8
[ sql ] [ SQL ] SHOW COLUMNS FROM `o2o_category` [ RunTime:0.005000s ]
[ sql ] [ SQL ] UPDATE `o2o_category`  SET `status`=0,`update_time`=1503722019  WHERE  `id` = 33 [ RunTime:0.116000s ]

---------------------------------------------------------------
[ 2017-08-26T12:33:41+08:00 ] 127.0.0.1 127.0.0.1 GET /admin/category/index.html
[ log ] o2o.com/admin/category/index.html [运行时间：0.046000s][吞吐率：21.74req/s] [内存消耗：2,270.05kb] [文件加载：64]
[ info ] [ LANG ] F:\Aaron\GitHub\tp5_o2o\thinkphp\lang\zh-cn.php
[ info ] [ ROUTE ] array (
  'type' => 'module',
  'module' => 
  array (
    0 => 'admin',
    1 => 'category',
    2 => 'index',
  ),
)
[ info ] [ HEADER ] array (
  'accept-language' => 'zh-CN,zh;q=0.8',
  'accept-encoding' => 'gzip, deflate',
  'referer' => 'http://o2o.com/admin/category/status.html?id=33&status=0',
  'accept' => 'text/html,application/xhtml+xml,application/xml;q=0.9,image/webp,image/apng,*/*;q=0.8',
  'user-agent' => 'Mozilla/5.0 (Windows NT 6.1; Win64; x64) AppleWebKit/537.36 (KHTML, like Gecko) Chrome/60.0.3112.78 Safari/537.36',
  'upgrade-insecure-requests' => '1',
  'connection' => 'close',
  'host' => 'o2o.com',
)
[ info ] [ PARAM ] array (
)
[ info ] [ DB ] INIT mysql
[ info ] [ RUN ] app\admin\controller\Category->index[ F:\Aaron\GitHub\tp5_o2o\application\admin\controller\Category.php ]
[ info ] [ VIEW ] F:\Aaron\GitHub\tp5_o2o\public/../application/admin\view\category\index.html [ array (
  0 => 'categorys',
) ]
[ info ] [ LOG ] INIT File
[ sql ] [ DB ] CONNECT:[ UseTime:0.001000s ] mysql:dbname=imooc_o2o;host=127.0.0.1;charset=utf8
[ sql ] [ SQL ] SHOW COLUMNS FROM `o2o_category` [ RunTime:0.005000s ]
[ sql ] [ SQL ] SELECT COUNT(*) AS tp_count FROM `o2o_category` WHERE  `parent_id` = 0  AND `status` <> -1 LIMIT 1 [ RunTime:0.001000s ]
[ sql ] [ SQL ] SELECT * FROM `o2o_category` WHERE  `parent_id` = 0  AND `status` <> -1 ORDER BY `listorder`  desc,`id`  desc LIMIT 0,10 [ RunTime:0.000000s ]

---------------------------------------------------------------
[ 2017-08-26T12:33:41+08:00 ] 127.0.0.1 127.0.0.1 GET /admin/index/map.html
[ log ] o2o.com/admin/index/map.html [运行时间：0.120000s][吞吐率：8.33req/s] [内存消耗：1,346.15kb] [文件加载：50]
[ info ] [ LANG ] F:\Aaron\GitHub\tp5_o2o\thinkphp\lang\zh-cn.php
[ info ] [ ROUTE ] array (
  'type' => 'module',
  'module' => 
  array (
    0 => 'admin',
    1 => 'index',
    2 => 'map',
  ),
)
[ info ] [ HEADER ] array (
  'accept-language' => 'zh-CN,zh;q=0.8',
  'accept-encoding' => 'gzip, deflate',
  'referer' => 'http://o2o.com/admin/category/index.html',
  'accept' => 'image/webp,image/apng,image/*,*/*;q=0.8',
  'user-agent' => 'Mozilla/5.0 (Windows NT 6.1; Win64; x64) AppleWebKit/537.36 (KHTML, like Gecko) Chrome/60.0.3112.78 Safari/537.36',
  'connection' => 'close',
  'host' => 'o2o.com',
)
[ info ] [ PARAM ] array (
)
[ info ] [ RUN ] app\admin\controller\Index->map[ F:\Aaron\GitHub\tp5_o2o\application\admin\controller\Index.php ]
[ info ] [ LOG ] INIT File

---------------------------------------------------------------
[ 2017-08-26T12:33:42+08:00 ] 127.0.0.1 127.0.0.1 GET /admin/category/status.html?id=33&status=1
[ log ] o2o.com/admin/category/status.html?id=33&status=1 [运行时间：0.096000s][吞吐率：10.42req/s] [内存消耗：2,170.98kb] [文件加载：64]
[ info ] [ LANG ] F:\Aaron\GitHub\tp5_o2o\thinkphp\lang\zh-cn.php
[ info ] [ ROUTE ] array (
  'type' => 'module',
  'module' => 
  array (
    0 => 'admin',
    1 => 'category',
    2 => 'status',
  ),
)
[ info ] [ HEADER ] array (
  'accept-language' => 'zh-CN,zh;q=0.8',
  'accept-encoding' => 'gzip, deflate',
  'referer' => 'http://o2o.com/admin/category/index.html',
  'accept' => 'text/html,application/xhtml+xml,application/xml;q=0.9,image/webp,image/apng,*/*;q=0.8',
  'user-agent' => 'Mozilla/5.0 (Windows NT 6.1; Win64; x64) AppleWebKit/537.36 (KHTML, like Gecko) Chrome/60.0.3112.78 Safari/537.36',
  'upgrade-insecure-requests' => '1',
  'connection' => 'close',
  'host' => 'o2o.com',
)
[ info ] [ PARAM ] array (
  'id' => '33',
  'status' => '1',
)
[ info ] [ DB ] INIT mysql
[ info ] [ RUN ] app\admin\controller\Base->status[ F:\Aaron\GitHub\tp5_o2o\application\admin\controller\Base.php ]
[ info ] [ CACHE ] INIT File
[ info ] [ VIEW ] F:\Aaron\GitHub\tp5_o2o\thinkphp\tpl\dispatch_jump.tpl [ array (
  0 => 'code',
  1 => 'msg',
  2 => 'data',
  3 => 'url',
  4 => 'wait',
) ]
[ info ] [ LOG ] INIT File
[ sql ] [ DB ] CONNECT:[ UseTime:0.010000s ] mysql:dbname=imooc_o2o;host=127.0.0.1;charset=utf8
[ sql ] [ SQL ] SHOW COLUMNS FROM `o2o_category` [ RunTime:0.006000s ]
[ sql ] [ SQL ] UPDATE `o2o_category`  SET `status`=1,`update_time`=1503722022  WHERE  `id` = 33 [ RunTime:0.045000s ]

---------------------------------------------------------------
[ 2017-08-26T12:33:44+08:00 ] 127.0.0.1 127.0.0.1 GET /admin/category/index.html
[ log ] o2o.com/admin/category/index.html [运行时间：0.055000s][吞吐率：18.18req/s] [内存消耗：2,270.05kb] [文件加载：64]
[ info ] [ LANG ] F:\Aaron\GitHub\tp5_o2o\thinkphp\lang\zh-cn.php
[ info ] [ ROUTE ] array (
  'type' => 'module',
  'module' => 
  array (
    0 => 'admin',
    1 => 'category',
    2 => 'index',
  ),
)
[ info ] [ HEADER ] array (
  'accept-language' => 'zh-CN,zh;q=0.8',
  'accept-encoding' => 'gzip, deflate',
  'referer' => 'http://o2o.com/admin/category/status.html?id=33&status=1',
  'accept' => 'text/html,application/xhtml+xml,application/xml;q=0.9,image/webp,image/apng,*/*;q=0.8',
  'user-agent' => 'Mozilla/5.0 (Windows NT 6.1; Win64; x64) AppleWebKit/537.36 (KHTML, like Gecko) Chrome/60.0.3112.78 Safari/537.36',
  'upgrade-insecure-requests' => '1',
  'connection' => 'close',
  'host' => 'o2o.com',
)
[ info ] [ PARAM ] array (
)
[ info ] [ DB ] INIT mysql
[ info ] [ RUN ] app\admin\controller\Category->index[ F:\Aaron\GitHub\tp5_o2o\application\admin\controller\Category.php ]
[ info ] [ VIEW ] F:\Aaron\GitHub\tp5_o2o\public/../application/admin\view\category\index.html [ array (
  0 => 'categorys',
) ]
[ info ] [ LOG ] INIT File
[ sql ] [ DB ] CONNECT:[ UseTime:0.010000s ] mysql:dbname=imooc_o2o;host=127.0.0.1;charset=utf8
[ sql ] [ SQL ] SHOW COLUMNS FROM `o2o_category` [ RunTime:0.006000s ]
[ sql ] [ SQL ] SELECT COUNT(*) AS tp_count FROM `o2o_category` WHERE  `parent_id` = 0  AND `status` <> -1 LIMIT 1 [ RunTime:0.001000s ]
[ sql ] [ SQL ] SELECT * FROM `o2o_category` WHERE  `parent_id` = 0  AND `status` <> -1 ORDER BY `listorder`  desc,`id`  desc LIMIT 0,10 [ RunTime:0.000000s ]

---------------------------------------------------------------
[ 2017-08-26T12:33:44+08:00 ] 127.0.0.1 127.0.0.1 GET /admin/index/map.html
[ log ] o2o.com/admin/index/map.html [运行时间：0.156000s][吞吐率：6.41req/s] [内存消耗：1,346.15kb] [文件加载：50]
[ info ] [ LANG ] F:\Aaron\GitHub\tp5_o2o\thinkphp\lang\zh-cn.php
[ info ] [ ROUTE ] array (
  'type' => 'module',
  'module' => 
  array (
    0 => 'admin',
    1 => 'index',
    2 => 'map',
  ),
)
[ info ] [ HEADER ] array (
  'accept-language' => 'zh-CN,zh;q=0.8',
  'accept-encoding' => 'gzip, deflate',
  'referer' => 'http://o2o.com/admin/category/index.html',
  'accept' => 'image/webp,image/apng,image/*,*/*;q=0.8',
  'user-agent' => 'Mozilla/5.0 (Windows NT 6.1; Win64; x64) AppleWebKit/537.36 (KHTML, like Gecko) Chrome/60.0.3112.78 Safari/537.36',
  'connection' => 'close',
  'host' => 'o2o.com',
)
[ info ] [ PARAM ] array (
)
[ info ] [ RUN ] app\admin\controller\Index->map[ F:\Aaron\GitHub\tp5_o2o\application\admin\controller\Index.php ]
[ info ] [ LOG ] INIT File

---------------------------------------------------------------
