[ 2017-08-31T10:24:42+08:00 ] 127.0.0.1 127.0.0.1 GET /
[ log ] o2o.com/ [运行时间：0.897000s][吞吐率：1.11req/s] [内存消耗：2,309.29kb] [文件加载：65]
[ info ] [ LANG ] F:\Aaron\GitHub\tp5_o2o\thinkphp\lang\zh-cn.php
[ info ] [ ROUTE ] array (
  'type' => 'module',
  'module' => 
  array (
    0 => '',
    1 => NULL,
    2 => NULL,
  ),
)
[ info ] [ HEADER ] array (
  'accept-language' => 'zh-CN,zh;q=0.8',
  'accept-encoding' => 'gzip, deflate',
  'accept' => 'text/html,application/xhtml+xml,application/xml;q=0.9,image/webp,image/apng,*/*;q=0.8',
  'user-agent' => 'Mozilla/5.0 (Windows NT 6.1; Win64; x64) AppleWebKit/537.36 (KHTML, like Gecko) Chrome/60.0.3112.78 Safari/537.36',
  'upgrade-insecure-requests' => '1',
  'connection' => 'close',
  'host' => 'o2o.com',
)
[ info ] [ PARAM ] array (
)
[ info ] [ DB ] INIT mysql
[ info ] [ SESSION ] INIT array (
  'id' => '',
  'var_session_id' => '',
  'prefix' => 'think',
  'type' => '',
  'auto_start' => true,
)
[ info ] [ RUN ] app\index\controller\Index->index[ F:\Aaron\GitHub\tp5_o2o\application\index\controller\Index.php ]
[ info ] [ VIEW ] F:\Aaron\GitHub\tp5_o2o\public/../application/index\view\index\index.html [ array (
  0 => 'citys',
  1 => 'cityname',
  2 => 'useraccount',
  3 => 'cats',
  4 => 'controller',
  5 => 'title',
  6 => 'params',
  7 => 'featuredArr',
  8 => 'dealDatas',
  9 => 'meishicats',
) ]
[ info ] [ LOG ] INIT File
[ sql ] [ DB ] CONNECT:[ UseTime:0.017000s ] mysql:dbname=imooc_o2o;host=127.0.0.1;charset=utf8
[ sql ] [ SQL ] SHOW COLUMNS FROM `o2o_city` [ RunTime:0.069000s ]
[ sql ] [ SQL ] SELECT * FROM `o2o_city` WHERE  `status` = 1  AND `parent_id` > 0 ORDER BY `id`  desc [ RunTime:0.027000s ]
[ sql ] [ SQL ] SELECT * FROM `o2o_city` WHERE  `uname` = 'beijing' LIMIT 1 [ RunTime:0.000000s ]
[ sql ] [ SQL ] SHOW COLUMNS FROM `o2o_category` [ RunTime:0.038000s ]
[ sql ] [ SQL ] SELECT * FROM `o2o_category` WHERE  `parent_id` = 0  AND `status` = 1 ORDER BY `listorder`  desc,`id`  desc LIMIT 5 [ RunTime:0.013000s ]
[ sql ] [ SQL ] SELECT * FROM `o2o_category` WHERE  `parent_id` IN (33,11,5,4,3)  AND `status` = 1 ORDER BY `listorder`  desc,`id`  desc [ RunTime:0.005000s ]
[ sql ] [ SQL ] SHOW COLUMNS FROM `o2o_featured` [ RunTime:0.033000s ]
[ sql ] [ SQL ] SELECT * FROM `o2o_featured` WHERE  `status` = 1 ORDER BY `id`  desc [ RunTime:0.000000s ]
[ sql ] [ SQL ] SHOW COLUMNS FROM `o2o_deal` [ RunTime:0.056000s ]
[ sql ] [ SQL ] SELECT * FROM `o2o_deal` WHERE  `end_time` > 1504146282  AND `category_id` = 33  AND `se_city_id` = 2  AND `status` = 1 ORDER BY `listorder`  desc,`id`  desc LIMIT 10 [ RunTime:0.000000s ]
[ sql ] [ SQL ] SELECT * FROM `o2o_category` WHERE  `status` = 1  AND `parent_id` = 33 ORDER BY `id`  desc [ RunTime:0.000000s ]

---------------------------------------------------------------
[ 2017-08-31T16:15:38+08:00 ] 127.0.0.1 127.0.0.1 GET /
[ log ] o2o.com/ [运行时间：0.560000s][吞吐率：1.79req/s] [内存消耗：2,309.34kb] [文件加载：65]
[ info ] [ LANG ] F:\Aaron\GitHub\tp5_o2o\thinkphp\lang\zh-cn.php
[ info ] [ ROUTE ] array (
  'type' => 'module',
  'module' => 
  array (
    0 => '',
    1 => NULL,
    2 => NULL,
  ),
)
[ info ] [ HEADER ] array (
  'cookie' => 'PHPSESSID=hdbk03serm1mf5v9po5op6cgg2',
  'accept-language' => 'zh-CN,zh;q=0.8',
  'accept-encoding' => 'gzip, deflate',
  'accept' => 'text/html,application/xhtml+xml,application/xml;q=0.9,image/webp,image/apng,*/*;q=0.8',
  'user-agent' => 'Mozilla/5.0 (Windows NT 6.1; Win64; x64) AppleWebKit/537.36 (KHTML, like Gecko) Chrome/60.0.3112.78 Safari/537.36',
  'upgrade-insecure-requests' => '1',
  'connection' => 'close',
  'host' => 'o2o.com',
)
[ info ] [ PARAM ] array (
)
[ info ] [ DB ] INIT mysql
[ info ] [ SESSION ] INIT array (
  'id' => '',
  'var_session_id' => '',
  'prefix' => 'think',
  'type' => '',
  'auto_start' => true,
)
[ info ] [ RUN ] app\index\controller\Index->index[ F:\Aaron\GitHub\tp5_o2o\application\index\controller\Index.php ]
[ info ] [ VIEW ] F:\Aaron\GitHub\tp5_o2o\public/../application/index\view\index\index.html [ array (
  0 => 'citys',
  1 => 'cityname',
  2 => 'useraccount',
  3 => 'cats',
  4 => 'controller',
  5 => 'title',
  6 => 'params',
  7 => 'featuredArr',
  8 => 'dealDatas',
  9 => 'meishicats',
) ]
[ info ] [ LOG ] INIT File
[ sql ] [ DB ] CONNECT:[ UseTime:0.011000s ] mysql:dbname=imooc_o2o;host=127.0.0.1;charset=utf8
[ sql ] [ SQL ] SHOW COLUMNS FROM `o2o_city` [ RunTime:0.009000s ]
[ sql ] [ SQL ] SELECT * FROM `o2o_city` WHERE  `status` = 1  AND `parent_id` > 0 ORDER BY `id`  desc [ RunTime:0.000000s ]
[ sql ] [ SQL ] SELECT * FROM `o2o_city` WHERE  `uname` = 'beijing' LIMIT 1 [ RunTime:0.000000s ]
[ sql ] [ SQL ] SHOW COLUMNS FROM `o2o_category` [ RunTime:0.007000s ]
[ sql ] [ SQL ] SELECT * FROM `o2o_category` WHERE  `parent_id` = 0  AND `status` = 1 ORDER BY `listorder`  desc,`id`  desc LIMIT 5 [ RunTime:0.000000s ]
[ sql ] [ SQL ] SELECT * FROM `o2o_category` WHERE  `parent_id` IN (33,11,5,4,3)  AND `status` = 1 ORDER BY `listorder`  desc,`id`  desc [ RunTime:0.000000s ]
[ sql ] [ SQL ] SHOW COLUMNS FROM `o2o_featured` [ RunTime:0.006000s ]
[ sql ] [ SQL ] SELECT * FROM `o2o_featured` WHERE  `status` = 1 ORDER BY `id`  desc [ RunTime:0.000000s ]
[ sql ] [ SQL ] SHOW COLUMNS FROM `o2o_deal` [ RunTime:0.008000s ]
[ sql ] [ SQL ] SELECT * FROM `o2o_deal` WHERE  `end_time` > 1504167338  AND `category_id` = 33  AND `se_city_id` = 2  AND `status` = 1 ORDER BY `listorder`  desc,`id`  desc LIMIT 10 [ RunTime:0.000000s ]
[ sql ] [ SQL ] SELECT * FROM `o2o_category` WHERE  `status` = 1  AND `parent_id` = 33 ORDER BY `id`  desc [ RunTime:0.000000s ]

---------------------------------------------------------------
